<?xml version="1.0" encoding="UTF-8"?>
<!-- Generated by org.testng.reporters.JUnitXMLReporter -->
<testsuite hostname="TYSS-4F-033" ignored="0" name="Test" tests="1" failures="1" timestamp="03 Nov 2017 12:18:56 GMT" time="44.692" errors="0">
  <testcase name="testVerifyingSort" time="10.722" classname="com.caratlane.test.VerifySortingTest">
    <failure type="java.lang.AssertionError" message="null">
      <![CDATA[java.lang.AssertionError: null
	at com.caratlane.generic.BasePage.verifyTitle(BasePage.java:29)
	at com.caratlane.page.HomePage.verifyingTitle(HomePage.java:22)
	at com.caratlane.test.VerifySortingTest.testVerifyingSort(VerifySortingTest.java:22)
... Removed 27 stack frames]]>
    </failure>
  </testcase> <!-- testVerifyingSort -->
</testsuite> <!-- Test -->
